{"total": {"lines":{"total":607,"covered":607,"skipped":0,"pct":100},"statements":{"total":607,"covered":607,"skipped":0,"pct":100},"functions":{"total":24,"covered":23,"skipped":0,"pct":95.83},"branches":{"total":87,"covered":86,"skipped":0,"pct":98.85},"branchesTrue":{"total":0,"covered":0,"skipped":0,"pct":100}}
,"C:\\Users\\rebec\\Desktop\\deployment\\tester\\yh_strajkbowling\\src\\App.jsx": {"lines":{"total":10,"covered":10,"skipped":0,"pct":100},"functions":{"total":1,"covered":1,"skipped":0,"pct":100},"statements":{"total":10,"covered":10,"skipped":0,"pct":100},"branches":{"total":1,"covered":1,"skipped":0,"pct":100}}
,"C:\\Users\\rebec\\Desktop\\deployment\\tester\\yh_strajkbowling\\src\\components\\BookingInfo\\BookingInfo.jsx": {"lines":{"total":48,"covered":48,"skipped":0,"pct":100},"functions":{"total":1,"covered":1,"skipped":0,"pct":100},"statements":{"total":48,"covered":48,"skipped":0,"pct":100},"branches":{"total":1,"covered":1,"skipped":0,"pct":100}}
,"C:\\Users\\rebec\\Desktop\\deployment\\tester\\yh_strajkbowling\\src\\components\\ErrorMessage\\ErrorMessage.jsx": {"lines":{"total":8,"covered":8,"skipped":0,"pct":100},"functions":{"total":1,"covered":1,"skipped":0,"pct":100},"statements":{"total":8,"covered":8,"skipped":0,"pct":100},"branches":{"total":1,"covered":1,"skipped":0,"pct":100}}
,"C:\\Users\\rebec\\Desktop\\deployment\\tester\\yh_strajkbowling\\src\\components\\Input\\Input.jsx": {"lines":{"total":30,"covered":30,"skipped":0,"pct":100},"functions":{"total":1,"covered":1,"skipped":0,"pct":100},"statements":{"total":30,"covered":30,"skipped":0,"pct":100},"branches":{"total":5,"covered":5,"skipped":0,"pct":100}}
,"C:\\Users\\rebec\\Desktop\\deployment\\tester\\yh_strajkbowling\\src\\components\\Navigation\\Navigation.jsx": {"lines":{"total":18,"covered":18,"skipped":0,"pct":100},"functions":{"total":4,"covered":3,"skipped":0,"pct":75},"statements":{"total":18,"covered":18,"skipped":0,"pct":100},"branches":{"total":9,"covered":9,"skipped":0,"pct":100}}
,"C:\\Users\\rebec\\Desktop\\deployment\\tester\\yh_strajkbowling\\src\\components\\Shoes\\Shoes.jsx": {"lines":{"total":46,"covered":46,"skipped":0,"pct":100},"functions":{"total":3,"covered":3,"skipped":0,"pct":100},"statements":{"total":46,"covered":46,"skipped":0,"pct":100},"branches":{"total":4,"covered":4,"skipped":0,"pct":100}}
,"C:\\Users\\rebec\\Desktop\\deployment\\tester\\yh_strajkbowling\\src\\components\\Top\\Top.jsx": {"lines":{"total":10,"covered":10,"skipped":0,"pct":100},"functions":{"total":1,"covered":1,"skipped":0,"pct":100},"statements":{"total":10,"covered":10,"skipped":0,"pct":100},"branches":{"total":1,"covered":1,"skipped":0,"pct":100}}
,"C:\\Users\\rebec\\Desktop\\deployment\\tester\\yh_strajkbowling\\src\\tests\\App.test.jsx": {"lines":{"total":62,"covered":62,"skipped":0,"pct":100},"functions":{"total":0,"covered":0,"skipped":0,"pct":100},"statements":{"total":62,"covered":62,"skipped":0,"pct":100},"branches":{"total":6,"covered":6,"skipped":0,"pct":100}}
,"C:\\Users\\rebec\\Desktop\\deployment\\tester\\yh_strajkbowling\\src\\tests\\Booking.test.jsx": {"lines":{"total":197,"covered":197,"skipped":0,"pct":100},"functions":{"total":0,"covered":0,"skipped":0,"pct":100},"statements":{"total":197,"covered":197,"skipped":0,"pct":100},"branches":{"total":15,"covered":15,"skipped":0,"pct":100}}
,"C:\\Users\\rebec\\Desktop\\deployment\\tester\\yh_strajkbowling\\src\\views\\Booking.jsx": {"lines":{"total":123,"covered":123,"skipped":0,"pct":100},"functions":{"total":11,"covered":11,"skipped":0,"pct":100},"statements":{"total":123,"covered":123,"skipped":0,"pct":100},"branches":{"total":38,"covered":37,"skipped":0,"pct":97.36}}
,"C:\\Users\\rebec\\Desktop\\deployment\\tester\\yh_strajkbowling\\src\\views\\Confirmation.jsx": {"lines":{"total":55,"covered":55,"skipped":0,"pct":100},"functions":{"total":1,"covered":1,"skipped":0,"pct":100},"statements":{"total":55,"covered":55,"skipped":0,"pct":100},"branches":{"total":6,"covered":6,"skipped":0,"pct":100}}
}
