TN:
SF:src\App.jsx
FN:6,App
FNF:1
FNH:1
FNDA:3,App
DA:1,1
DA:2,1
DA:4,1
DA:6,3
DA:8,3
DA:9,3
DA:10,3
DA:11,3
DA:13,3
DA:15,1
LF:10
LH:10
BRDA:6,0,0,3
BRF:1
BRH:1
end_of_record
TN:
SF:src\components\BookingInfo\BookingInfo.jsx
FN:5,BookingInfo
FNF:1
FNH:1
FNDA:78,BookingInfo
DA:1,1
DA:3,1
DA:5,78
DA:6,78
DA:7,78
DA:8,78
DA:9,78
DA:10,78
DA:11,78
DA:12,78
DA:13,78
DA:14,78
DA:15,78
DA:16,78
DA:17,78
DA:18,78
DA:19,78
DA:20,78
DA:21,78
DA:22,78
DA:23,78
DA:24,78
DA:25,78
DA:26,78
DA:27,78
DA:28,78
DA:29,78
DA:30,78
DA:31,78
DA:32,78
DA:33,78
DA:34,78
DA:35,78
DA:36,78
DA:37,78
DA:38,78
DA:39,78
DA:40,78
DA:41,78
DA:42,78
DA:43,78
DA:44,78
DA:45,78
DA:46,78
DA:47,78
DA:48,78
DA:50,78
DA:52,1
LF:48
LH:48
BRDA:5,0,0,78
BRF:1
BRH:1
end_of_record
TN:
SF:src\components\ErrorMessage\ErrorMessage.jsx
FN:3,ErrorMessage
FNF:1
FNH:1
FNDA:5,ErrorMessage
DA:1,1
DA:3,5
DA:4,5
DA:5,5
DA:6,5
DA:7,5
DA:9,5
DA:11,1
LF:8
LH:8
BRDA:3,0,0,5
BRF:1
BRH:1
end_of_record
TN:
SF:src\components\Input\Input.jsx
FN:3,Input
FNF:1
FNH:1
FNDA:411,Input
DA:1,1
DA:3,411
DA:4,411
DA:5,411
DA:6,411
DA:7,411
DA:8,411
DA:9,411
DA:10,411
DA:11,411
DA:12,411
DA:13,411
DA:14,411
DA:15,411
DA:16,411
DA:17,411
DA:18,411
DA:19,411
DA:20,411
DA:21,411
DA:22,411
DA:23,411
DA:24,411
DA:25,411
DA:26,411
DA:27,411
DA:28,411
DA:29,411
DA:31,411
DA:33,1
LF:30
LH:30
BRDA:3,0,0,411
BRDA:22,1,0,333
BRDA:22,2,0,78
BRDA:25,3,0,12
BRDA:25,4,0,399
BRF:5
BRH:5
end_of_record
TN:
SF:src\components\Navigation\Navigation.jsx
FN:6,Navigation
FN:13,onClick
FN:15,onClick
FN:17,onClick
FNF:4
FNH:3
FNDA:86,Navigation
FNDA:2,onClick
FNDA:0,onClick
FNDA:2,onClick
DA:1,1
DA:2,1
DA:3,1
DA:4,1
DA:6,86
DA:7,86
DA:8,86
DA:10,86
DA:11,86
DA:12,86
DA:13,86
DA:14,86
DA:15,86
DA:16,86
DA:17,86
DA:18,86
DA:20,86
DA:22,1
LF:18
LH:18
BRDA:6,0,0,86
BRDA:11,1,0,5
BRDA:11,2,0,81
BRDA:14,3,0,5
BRDA:14,4,0,81
BRDA:16,5,0,5
BRDA:16,6,0,81
BRDA:13,7,0,2
BRDA:17,8,0,2
BRF:9
BRH:9
end_of_record
TN:
SF:src\components\Shoes\Shoes.jsx
FN:6,Shoes
FN:25,onClick
FN:45,onClick
FNF:3
FNH:3
FNDA:78,Shoes
FNDA:1,onClick
FNDA:17,onClick
DA:1,1
DA:2,1
DA:4,1
DA:6,78
DA:7,78
DA:8,87
DA:9,87
DA:10,87
DA:11,87
DA:12,87
DA:13,87
DA:14,87
DA:15,87
DA:16,87
DA:17,87
DA:18,87
DA:19,87
DA:20,87
DA:21,87
DA:22,87
DA:23,87
DA:24,87
DA:25,87
DA:26,1
DA:27,1
DA:28,87
DA:30,87
DA:31,87
DA:34,87
DA:35,78
DA:37,78
DA:38,78
DA:39,78
DA:40,78
DA:41,78
DA:42,78
DA:43,78
DA:44,78
DA:45,78
DA:46,17
DA:47,17
DA:48,78
DA:50,78
DA:51,78
DA:53,78
DA:55,1
LF:46
LH:46
BRDA:6,0,0,78
BRDA:7,1,0,87
BRDA:25,2,0,1
BRDA:45,3,0,17
BRF:4
BRH:4
end_of_record
TN:
SF:src\components\Top\Top.jsx
FN:4,Top
FNF:1
FNH:1
FNDA:84,Top
DA:1,1
DA:2,1
DA:4,84
DA:5,84
DA:6,84
DA:7,84
DA:8,84
DA:9,84
DA:11,84
DA:13,1
LF:10
LH:10
BRDA:4,0,0,84
BRF:1
BRH:1
end_of_record
TN:
SF:src\tests\App.test.jsx
FNF:0
FNH:0
DA:1,1
DA:2,1
DA:4,1
DA:6,1
DA:7,1
DA:8,1
DA:9,1
DA:10,1
DA:11,1
DA:12,1
DA:14,1
DA:15,1
DA:16,1
DA:17,1
DA:18,1
DA:19,1
DA:20,1
DA:21,1
DA:22,1
DA:23,1
DA:24,1
DA:25,1
DA:27,1
DA:28,4
DA:29,4
DA:31,4
DA:32,4
DA:33,4
DA:35,1
DA:36,1
DA:38,1
DA:39,2
DA:40,2
DA:41,2
DA:42,1
DA:43,1
DA:45,1
DA:46,1
DA:48,1
DA:49,1
DA:50,1
DA:52,1
DA:53,1
DA:54,1
DA:55,1
DA:56,1
DA:58,1
DA:59,1
DA:60,1
DA:61,1
DA:62,1
DA:63,1
DA:64,1
DA:65,1
DA:66,1
DA:67,1
DA:68,1
DA:69,1
DA:70,1
DA:71,1
DA:72,1
LF:61
LH:61
BRDA:6,0,0,1
BRDA:7,1,0,1
BRDA:27,2,0,4
BRDA:38,3,0,2
BRDA:45,4,0,1
BRDA:58,5,0,1
BRF:6
BRH:6
end_of_record
TN:
SF:src\tests\Booking.test.jsx
FNF:0
FNH:0
DA:1,1
DA:2,1
DA:3,1
DA:4,1
DA:5,1
DA:6,1
DA:7,1
DA:9,1
DA:10,1
DA:11,1
DA:12,1
DA:13,1
DA:14,1
DA:15,1
DA:17,1
DA:18,1
DA:19,1
DA:20,1
DA:22,1
DA:23,1
DA:24,1
DA:25,1
DA:27,1
DA:28,1
DA:29,1
DA:30,1
DA:32,1
DA:33,1
DA:34,1
DA:35,1
DA:36,1
DA:38,1
DA:39,1
DA:40,1
DA:41,1
DA:42,1
DA:43,1
DA:45,1
DA:46,1
DA:47,1
DA:48,1
DA:49,1
DA:50,1
DA:51,1
DA:53,1
DA:54,1
DA:55,1
DA:56,1
DA:57,1
DA:58,1
DA:60,1
DA:61,1
DA:62,1
DA:63,1
DA:65,1
DA:66,1
DA:67,1
DA:68,1
DA:70,1
DA:71,5
DA:72,5
DA:74,5
DA:75,5
DA:76,5
DA:78,1
DA:79,1
DA:81,1
DA:82,1
DA:83,1
DA:84,1
DA:85,1
DA:87,1
DA:88,1
DA:89,1
DA:90,1
DA:91,1
DA:92,1
DA:94,1
DA:95,1
DA:96,1
DA:97,1
DA:99,1
DA:100,1
DA:101,1
DA:102,1
DA:104,1
DA:105,1
DA:107,1
DA:108,1
DA:109,1
DA:110,1
DA:111,1
DA:113,1
DA:114,1
DA:115,1
DA:116,1
DA:117,1
DA:118,1
DA:120,1
DA:121,1
DA:122,1
DA:123,1
DA:125,1
DA:126,1
DA:127,1
DA:128,1
DA:130,1
DA:131,2
DA:132,2
DA:134,2
DA:135,2
DA:136,2
DA:138,1
DA:139,1
DA:141,1
DA:142,1
DA:143,1
DA:144,1
DA:145,1
DA:147,1
DA:148,1
DA:149,1
DA:150,1
DA:151,1
DA:152,1
DA:154,1
DA:155,1
DA:156,1
DA:157,1
DA:159,1
DA:160,1
DA:161,1
DA:162,1
DA:164,1
DA:165,2
DA:166,2
DA:167,2
DA:168,1
DA:169,1
DA:171,1
DA:172,1
DA:174,1
DA:175,1
DA:176,1
DA:177,1
DA:178,1
DA:180,1
DA:181,1
DA:182,1
DA:183,1
DA:184,1
DA:185,1
DA:187,1
DA:188,1
DA:189,1
DA:190,1
DA:192,1
DA:193,1
DA:194,1
DA:195,1
DA:197,1
DA:198,1
DA:199,1
DA:201,1
DA:202,1
DA:203,1
DA:204,1
DA:205,1
DA:206,1
DA:207,1
DA:209,1
DA:210,1
DA:211,1
DA:212,1
DA:213,1
DA:214,1
DA:216,1
DA:217,3
DA:218,3
DA:220,3
DA:221,3
DA:222,3
DA:224,1
DA:225,1
DA:226,1
DA:227,1
DA:228,1
DA:229,1
DA:230,1
DA:231,1
DA:233,1
DA:234,1
DA:235,1
DA:236,1
DA:237,1
DA:238,1
DA:240,1
DA:241,1
DA:242,1
DA:243,1
LF:200
LH:200
BRDA:9,0,0,1
BRDA:10,1,0,1
BRDA:38,2,0,1
BRDA:53,3,0,1
BRDA:70,4,0,5
BRDA:87,5,0,1
BRDA:113,6,0,1
BRDA:130,7,0,2
BRDA:147,8,0,1
BRDA:164,9,0,2
BRDA:180,10,0,1
BRDA:209,11,0,1
BRDA:216,12,0,3
BRDA:227,13,0,1
BRDA:233,14,0,1
BRF:15
BRH:15
end_of_record
TN:
SF:src\views\Booking.jsx
FN:11,Booking
FN:22,updateBookingDetails
FN:32,updateSize
FN:45,addShoe
FN:51,removeShoe
FN:57,isShoeSizesFilled
FN:65,checkPlayersAndLanes
FN:74,sendBooking
FN:90,comparePeopleAndShoes
FN:94,saveConfirmation
FN:102,book
FNF:11
FNH:11
FNDA:78,Booking
FNDA:28,updateBookingDetails
FNDA:17,updateSize
FNDA:17,addShoe
FNDA:1,removeShoe
FNDA:3,isShoeSizesFilled
FNDA:2,checkPlayersAndLanes
FNDA:1,sendBooking
FNDA:5,comparePeopleAndShoes
FNDA:1,saveConfirmation
FNDA:6,book
DA:1,1
DA:2,1
DA:3,1
DA:5,1
DA:6,1
DA:7,1
DA:8,1
DA:9,1
DA:11,78
DA:12,78
DA:13,78
DA:14,78
DA:15,78
DA:16,78
DA:17,78
DA:18,78
DA:19,78
DA:20,78
DA:22,78
DA:23,28
DA:24,28
DA:26,28
DA:27,28
DA:28,28
DA:29,28
DA:30,28
DA:32,78
DA:33,17
DA:34,17
DA:36,17
DA:37,17
DA:38,17
DA:39,38
DA:40,17
DA:41,17
DA:42,17
DA:43,17
DA:45,78
DA:46,17
DA:48,17
DA:49,17
DA:51,78
DA:52,1
DA:54,1
DA:55,1
DA:57,78
DA:58,3
DA:60,3
DA:62,3
DA:63,3
DA:65,78
DA:66,2
DA:67,2
DA:69,2
DA:71,1
DA:72,2
DA:74,78
DA:75,1
DA:76,1
DA:77,1
DA:78,1
DA:79,1
DA:80,1
DA:81,1
DA:82,1
DA:83,1
DA:84,1
DA:85,1
DA:87,1
DA:88,1
DA:90,78
DA:91,5
DA:92,5
DA:94,78
DA:95,1
DA:96,1
DA:98,1
DA:99,1
DA:100,1
DA:102,78
DA:103,6
DA:105,6
DA:106,1
DA:107,6
DA:108,2
DA:109,3
DA:110,1
DA:111,2
DA:112,1
DA:113,1
DA:116,6
DA:117,5
DA:118,5
DA:119,5
DA:121,1
DA:122,1
DA:123,1
DA:124,1
DA:125,1
DA:126,1
DA:132,1
DA:133,1
DA:135,1
DA:136,1
DA:137,1
DA:138,6
DA:140,78
DA:141,78
DA:142,78
DA:143,78
DA:144,78
DA:145,78
DA:146,78
DA:147,78
DA:148,78
DA:149,78
DA:150,78
DA:151,78
DA:153,78
DA:154,78
DA:155,78
DA:157,78
DA:159,1
LF:123
LH:123
BRDA:11,0,0,78
BRDA:154,1,0,5
BRDA:154,2,0,73
BRDA:22,3,0,28
BRDA:26,4,0,28
BRDA:32,5,0,17
BRDA:36,6,0,0
BRDA:37,7,0,17
BRDA:38,8,0,38
BRDA:39,9,0,17
BRDA:39,10,0,21
BRDA:45,11,0,17
BRDA:51,12,0,1
BRDA:54,13,0,3
BRDA:57,14,0,3
BRDA:60,15,0,11
BRDA:60,16,0,10
BRDA:60,17,0,1
BRDA:65,18,0,2
BRDA:69,19,0,1
BRDA:74,20,0,1
BRDA:90,21,0,5
BRDA:94,22,0,1
BRDA:95,23,0,1
BRDA:102,24,0,6
BRDA:105,25,0,5
BRDA:105,26,0,5
BRDA:105,27,0,5
BRDA:105,28,0,1
BRDA:107,29,0,5
BRDA:107,30,0,3
BRDA:107,31,0,2
BRDA:109,32,0,2
BRDA:109,33,0,1
BRDA:111,34,0,1
BRDA:116,35,0,5
BRDA:119,36,0,1
BRDA:125,37,0,4
BRF:38
BRH:37
end_of_record
TN:
SF:src\views\Confirmation.jsx
FN:8,Confirmation
FNF:1
FNH:1
FNDA:6,Confirmation
DA:1,1
DA:2,1
DA:4,1
DA:5,1
DA:6,1
DA:8,6
DA:9,6
DA:11,6
DA:12,6
DA:13,4
DA:15,6
DA:16,6
DA:17,6
DA:18,6
DA:19,6
DA:20,3
DA:21,3
DA:22,3
DA:23,3
DA:24,3
DA:25,3
DA:26,3
DA:27,3
DA:28,3
DA:29,3
DA:30,3
DA:31,3
DA:32,3
DA:33,3
DA:34,3
DA:35,3
DA:36,3
DA:37,3
DA:38,3
DA:39,3
DA:40,3
DA:41,3
DA:42,3
DA:43,3
DA:44,3
DA:45,3
DA:46,3
DA:47,3
DA:48,3
DA:49,3
DA:50,3
DA:51,3
DA:52,3
DA:53,3
DA:55,3
DA:56,3
DA:58,3
DA:60,6
DA:62,6
DA:64,1
LF:55
LH:55
BRDA:8,0,0,6
BRDA:12,1,0,2
BRDA:12,2,0,4
BRDA:19,3,0,4
BRDA:19,4,0,3
BRDA:56,5,0,3
BRF:6
BRH:6
end_of_record
